09:12:47.824 [P23768-T1-] System.UnauthorizedAccessException: Accesso al percorso 'Global\Importa' negato.
   in System.IO.__Error.WinIOError(Int32 errorCode, String maybeFullPath)
   in System.Threading.Mutex.MutexTryCodeHelper.MutexTryCode(Object userData)
   in System.Runtime.CompilerServices.RuntimeHelpers.ExecuteCodeWithGuaranteedCleanup(TryCode code, CleanupCode backoutCode, Object userData)
   in System.Threading.Mutex.CreateMutexWithGuaranteedCleanup(Boolean initiallyOwned, String name, Boolean& createdNew, SECURITY_ATTRIBUTES secAttrs)
   in System.Threading.Mutex..ctor(Boolean initiallyOwned, String name, Boolean& createdNew, MutexSecurity mutexSecurity)
   in System.Threading.Mutex..ctor(Boolean initiallyOwned, String name)
   in Zero5.Threading.SingleInstance.ImAlone(String mutexName) in C:\Link_Source\OnecodeFiles_Shared\OnecodeFilesP61_Shared\Zero5CommonLibrary.cs:riga 53542
09:12:48.139 [P23768-T1-] START
09:13:05.486 [P23768-T1-] Si è verificato un errore di rete o specifico dell'istanza mentre si cercava di stabilire una connessione con SQL Server. Il server non è stato trovato o non è accessibile. Verificare che il nome dell'istanza sia corretto e che SQL Server sia configurato in modo da consentire connessioni remote. (provider: SQL Network Interfaces, error: 26 - Errore nell'individuazione del server/dell'istanza specificata)
09:13:07.163 [P23768-T1-] Si è verificato un errore di rete o specifico dell'istanza mentre si cercava di stabilire una connessione con SQL Server. Il server non è stato trovato o non è accessibile. Verificare che il nome dell'istanza sia corretto e che SQL Server sia configurato in modo da consentire connessioni remote. (provider: SQL Network Interfaces, error: 26 - Errore nell'individuazione del server/dell'istanza specificata)
09:13:09.347 [P23768-T1-] Si è verificato un errore di rete o specifico dell'istanza mentre si cercava di stabilire una connessione con SQL Server. Il server non è stato trovato o non è accessibile. Verificare che il nome dell'istanza sia corretto e che SQL Server sia configurato in modo da consentire connessioni remote. (provider: SQL Network Interfaces, error: 26 - Errore nell'individuazione del server/dell'istanza specificata)
09:13:26.050 [P23768-T1-] Si è verificato un errore di rete o specifico dell'istanza mentre si cercava di stabilire una connessione con SQL Server. Il server non è stato trovato o non è accessibile. Verificare che il nome dell'istanza sia corretto e che SQL Server sia configurato in modo da consentire connessioni remote. (provider: SQL Network Interfaces, error: 26 - Errore nell'individuazione del server/dell'istanza specificata)
09:13:27.632 [P23768-T1-] Si è verificato un errore di rete o specifico dell'istanza mentre si cercava di stabilire una connessione con SQL Server. Il server non è stato trovato o non è accessibile. Verificare che il nome dell'istanza sia corretto e che SQL Server sia configurato in modo da consentire connessioni remote. (provider: SQL Network Interfaces, error: 26 - Errore nell'individuazione del server/dell'istanza specificata)
09:13:29.158 [P23768-T1-] Si è verificato un errore di rete o specifico dell'istanza mentre si cercava di stabilire una connessione con SQL Server. Il server non è stato trovato o non è accessibile. Verificare che il nome dell'istanza sia corretto e che SQL Server sia configurato in modo da consentire connessioni remote. (provider: SQL Network Interfaces, error: 26 - Errore nell'individuazione del server/dell'istanza specificata)
09:13:30.812 [P23768-T1-] Si è verificato un errore di rete o specifico dell'istanza mentre si cercava di stabilire una connessione con SQL Server. Il server non è stato trovato o non è accessibile. Verificare che il nome dell'istanza sia corretto e che SQL Server sia configurato in modo da consentire connessioni remote. (provider: SQL Network Interfaces, error: 26 - Errore nell'individuazione del server/dell'istanza specificata)
09:13:51.351 [P23768-T1-] Si è verificato un errore di rete o specifico dell'istanza mentre si cercava di stabilire una connessione con SQL Server. Il server non è stato trovato o non è accessibile. Verificare che il nome dell'istanza sia corretto e che SQL Server sia configurato in modo da consentire connessioni remote. (provider: SQL Network Interfaces, error: 26 - Errore nell'individuazione del server/dell'istanza specificata)
09:13:52.884 [P23768-T1-] Si è verificato un errore di rete o specifico dell'istanza mentre si cercava di stabilire una connessione con SQL Server. Il server non è stato trovato o non è accessibile. Verificare che il nome dell'istanza sia corretto e che SQL Server sia configurato in modo da consentire connessioni remote. (provider: SQL Network Interfaces, error: 26 - Errore nell'individuazione del server/dell'istanza specificata)
09:13:54.423 [P23768-T1-] Si è verificato un errore di rete o specifico dell'istanza mentre si cercava di stabilire una connessione con SQL Server. Il server non è stato trovato o non è accessibile. Verificare che il nome dell'istanza sia corretto e che SQL Server sia configurato in modo da consentire connessioni remote. (provider: SQL Network Interfaces, error: 26 - Errore nell'individuazione del server/dell'istanza specificata)
09:13:55.947 [P23768-T1-] Si è verificato un errore di rete o specifico dell'istanza mentre si cercava di stabilire una connessione con SQL Server. Il server non è stato trovato o non è accessibile. Verificare che il nome dell'istanza sia corretto e che SQL Server sia configurato in modo da consentire connessioni remote. (provider: SQL Network Interfaces, error: 26 - Errore nell'individuazione del server/dell'istanza specificata)
09:13:55.957 [P23768-T1-]    in System.Data.ProviderBase.DbConnectionPool.TryGetConnection(DbConnection owningObject, UInt32 waitForMultipleObjectsTimeout, Boolean allowCreate, Boolean onlyOneCheckConnection, DbConnectionOptions userOptions, DbConnectionInternal& connection)
   in System.Data.ProviderBase.DbConnectionPool.TryGetConnection(DbConnection owningObject, TaskCompletionSource`1 retry, DbConnectionOptions userOptions, DbConnectionInternal& connection)
   in System.Data.ProviderBase.DbConnectionFactory.TryGetConnection(DbConnection owningConnection, TaskCompletionSource`1 retry, DbConnectionOptions userOptions, DbConnectionInternal oldConnection, DbConnectionInternal& connection)
   in System.Data.ProviderBase.DbConnectionInternal.TryOpenConnectionInternal(DbConnection outerConnection, DbConnectionFactory connectionFactory, TaskCompletionSource`1 retry, DbConnectionOptions userOptions)
   in System.Data.ProviderBase.DbConnectionClosed.TryOpenConnection(DbConnection outerConnection, DbConnectionFactory connectionFactory, TaskCompletionSource`1 retry, DbConnectionOptions userOptions)
   in System.Data.SqlClient.SqlConnection.TryOpenInner(TaskCompletionSource`1 retry)
   in System.Data.SqlClient.SqlConnection.TryOpen(TaskCompletionSource`1 retry)
   in System.Data.SqlClient.SqlConnection.Open()
   in Zero5.Data.Util.DBSQLServer.LoadDataSet(String connectionString, String selectQuery) in C:\Link_Source\OnecodeFiles_Shared\OnecodeFilesP61_Shared\Zero5CommonLibrary.cs:riga 13381
   in ScambioDati.ImportaAllegati.EseguiImportazione() in C:\Link_Source\Link_Emilgrip\Importa\ImportaAllegati.cs:riga 16
   in ScambioDati.Program.Main(String[] args) in C:\Link_Source\Link_Emilgrip\Importa\Program.cs:riga 170
09:13:55.957 [P23768-T1-] DONE. Elapsed: 00.00:01:07
09:14:58.457 [P16348-T1-] START
09:15:15.263 [P16348-T1-] Si è verificato un errore di rete o specifico dell'istanza mentre si cercava di stabilire una connessione con SQL Server. Il server non è stato trovato o non è accessibile. Verificare che il nome dell'istanza sia corretto e che SQL Server sia configurato in modo da consentire connessioni remote. (provider: SQL Network Interfaces, error: 26 - Errore nell'individuazione del server/dell'istanza specificata)
09:15:16.788 [P16348-T1-] Si è verificato un errore di rete o specifico dell'istanza mentre si cercava di stabilire una connessione con SQL Server. Il server non è stato trovato o non è accessibile. Verificare che il nome dell'istanza sia corretto e che SQL Server sia configurato in modo da consentire connessioni remote. (provider: SQL Network Interfaces, error: 26 - Errore nell'individuazione del server/dell'istanza specificata)
09:15:18.308 [P16348-T1-] Si è verificato un errore di rete o specifico dell'istanza mentre si cercava di stabilire una connessione con SQL Server. Il server non è stato trovato o non è accessibile. Verificare che il nome dell'istanza sia corretto e che SQL Server sia configurato in modo da consentire connessioni remote. (provider: SQL Network Interfaces, error: 26 - Errore nell'individuazione del server/dell'istanza specificata)
09:15:19.833 [P16348-T1-] Si è verificato un errore di rete o specifico dell'istanza mentre si cercava di stabilire una connessione con SQL Server. Il server non è stato trovato o non è accessibile. Verificare che il nome dell'istanza sia corretto e che SQL Server sia configurato in modo da consentire connessioni remote. (provider: SQL Network Interfaces, error: 26 - Errore nell'individuazione del server/dell'istanza specificata)
09:15:36.438 [P16348-T1-] Si è verificato un errore di rete o specifico dell'istanza mentre si cercava di stabilire una connessione con SQL Server. Il server non è stato trovato o non è accessibile. Verificare che il nome dell'istanza sia corretto e che SQL Server sia configurato in modo da consentire connessioni remote. (provider: SQL Network Interfaces, error: 26 - Errore nell'individuazione del server/dell'istanza specificata)
09:15:37.957 [P16348-T1-] Si è verificato un errore di rete o specifico dell'istanza mentre si cercava di stabilire una connessione con SQL Server. Il server non è stato trovato o non è accessibile. Verificare che il nome dell'istanza sia corretto e che SQL Server sia configurato in modo da consentire connessioni remote. (provider: SQL Network Interfaces, error: 26 - Errore nell'individuazione del server/dell'istanza specificata)
09:15:39.527 [P16348-T1-] Si è verificato un errore di rete o specifico dell'istanza mentre si cercava di stabilire una connessione con SQL Server. Il server non è stato trovato o non è accessibile. Verificare che il nome dell'istanza sia corretto e che SQL Server sia configurato in modo da consentire connessioni remote. (provider: SQL Network Interfaces, error: 26 - Errore nell'individuazione del server/dell'istanza specificata)
09:15:41.055 [P16348-T1-] Si è verificato un errore di rete o specifico dell'istanza mentre si cercava di stabilire una connessione con SQL Server. Il server non è stato trovato o non è accessibile. Verificare che il nome dell'istanza sia corretto e che SQL Server sia configurato in modo da consentire connessioni remote. (provider: SQL Network Interfaces, error: 26 - Errore nell'individuazione del server/dell'istanza specificata)
09:15:42.582 [P16348-T1-] Si è verificato un errore di rete o specifico dell'istanza mentre si cercava di stabilire una connessione con SQL Server. Il server non è stato trovato o non è accessibile. Verificare che il nome dell'istanza sia corretto e che SQL Server sia configurato in modo da consentire connessioni remote. (provider: SQL Network Interfaces, error: 26 - Errore nell'individuazione del server/dell'istanza specificata)
09:15:44.118 [P16348-T1-] Si è verificato un errore di rete o specifico dell'istanza mentre si cercava di stabilire una connessione con SQL Server. Il server non è stato trovato o non è accessibile. Verificare che il nome dell'istanza sia corretto e che SQL Server sia configurato in modo da consentire connessioni remote. (provider: SQL Network Interfaces, error: 26 - Errore nell'individuazione del server/dell'istanza specificata)
09:15:45.653 [P16348-T1-] Si è verificato un errore di rete o specifico dell'istanza mentre si cercava di stabilire una connessione con SQL Server. Il server non è stato trovato o non è accessibile. Verificare che il nome dell'istanza sia corretto e che SQL Server sia configurato in modo da consentire connessioni remote. (provider: SQL Network Interfaces, error: 26 - Errore nell'individuazione del server/dell'istanza specificata)
09:15:45.680 [P16348-T1-]    in System.Data.ProviderBase.DbConnectionPool.TryGetConnection(DbConnection owningObject, UInt32 waitForMultipleObjectsTimeout, Boolean allowCreate, Boolean onlyOneCheckConnection, DbConnectionOptions userOptions, DbConnectionInternal& connection)
   in System.Data.ProviderBase.DbConnectionPool.TryGetConnection(DbConnection owningObject, TaskCompletionSource`1 retry, DbConnectionOptions userOptions, DbConnectionInternal& connection)
   in System.Data.ProviderBase.DbConnectionFactory.TryGetConnection(DbConnection owningConnection, TaskCompletionSource`1 retry, DbConnectionOptions userOptions, DbConnectionInternal oldConnection, DbConnectionInternal& connection)
   in System.Data.ProviderBase.DbConnectionInternal.TryOpenConnectionInternal(DbConnection outerConnection, DbConnectionFactory connectionFactory, TaskCompletionSource`1 retry, DbConnectionOptions userOptions)
   in System.Data.ProviderBase.DbConnectionClosed.TryOpenConnection(DbConnection outerConnection, DbConnectionFactory connectionFactory, TaskCompletionSource`1 retry, DbConnectionOptions userOptions)
   in System.Data.SqlClient.SqlConnection.TryOpenInner(TaskCompletionSource`1 retry)
   in System.Data.SqlClient.SqlConnection.TryOpen(TaskCompletionSource`1 retry)
   in System.Data.SqlClient.SqlConnection.Open()
   in Zero5.Data.Util.DBSQLServer.LoadDataSet(String connectionString, String selectQuery) in C:\Link_Source\OnecodeFiles_Shared\OnecodeFilesP61_Shared\Zero5CommonLibrary.cs:riga 13381
   in ScambioDati.ImportaAllegati.EseguiImportazione() in C:\Link_Source\Link_Emilgrip\Importa\ImportaAllegati.cs:riga 16
   in ScambioDati.Program.Main(String[] args) in C:\Link_Source\Link_Emilgrip\Importa\Program.cs:riga 170
09:15:45.681 [P16348-T1-] DONE. Elapsed: 00.00:00:47
